<?xml version="1.0" encoding="UTF-8"?>
<testng-results skipped="0" failed="0" total="1" passed="1">
  <reporter-output>
  </reporter-output>
  <suite name="Default suite" duration-ms="40888" started-at="2019-05-16T07:55:20Z" finished-at="2019-05-16T07:56:01Z">
    <groups>
    </groups>
    <test name="Default test" duration-ms="40888" started-at="2019-05-16T07:55:20Z" finished-at="2019-05-16T07:56:01Z">
      <class name="mmm.Web">
        <test-method status="PASS" signature="setip()[pri:0, instance:mmm.Web@61a52fbd]" name="setip" duration-ms="40819" started-at="2019-05-16T13:25:20Z" finished-at="2019-05-16T13:26:01Z">
          <reporter-output>
          </reporter-output>
        </test-method> <!-- setip -->
      </class> <!-- mmm.Web -->
    </test> <!-- Default test -->
  </suite> <!-- Default suite -->
</testng-results>
